apk/app/build/intermediates/manifest_merge_blame_file/release/manifest-merger-blame-release-report.txt
1<?xml version="1.0" encoding="utf-8"?>
2<!--
3    Copyright 2019 Google Inc. All Rights Reserved.
4
5     Licensed under the Apache License, Version 2.0 (the "License");
6     you may not use this file except in compliance with the License.
7     You may obtain a copy of the License at
8
9         http://www.apache.org/licenses/LICENSE-2.0
10
11     Unless required by applicable law or agreed to in writing, software
12     distributed under the License is distributed on an "AS IS" BASIS,
13     WITHOUT WARRANTIES OR CONDITIONS OF ANY KIND, either express or implied.
14     See the License for the specific language governing permissions and
15     limitations under the License.
16-->
17<!--
18 The "package" attribute is rewritten by the Gradle build with the value of applicationId.
19     It is still required here, as it is used to derive paths, for instance when referring
20     to an Activity by ".MyActivity" instead of the full name. If more Activities are added to the
21     application, the package attribute will need to reflect the correct path in order to use
22     the abbreviated format.
23-->
24<manifest xmlns:android="http://schemas.android.com/apk/res/android"
25    package="org.mandla.results.twa"
26    android:versionCode="7"
27    android:versionName="1.14" >
28
29    <uses-sdk
30        android:minSdkVersion="19"
30-->src/main/AndroidManifest.xml
31        android:targetSdkVersion="33" />
31-->src/main/AndroidManifest.xml
32
33    <uses-permission android:name="android.permission.POST_NOTIFICATIONS" />
33-->src/main/AndroidManifest.xml:26:9-80
33-->src/main/AndroidManifest.xml:26:26-78
34    <uses-permission android:name="android.permission.ACCESS_FINE_LOCATION" />
34-->[com.google.androidbrowserhelper:locationdelegation:1.0.1] AndroidManifest.xml:11:5-79
34-->[com.google.androidbrowserhelper:locationdelegation:1.0.1] AndroidManifest.xml:11:22-76
35
36    <queries>
36-->[com.google.androidbrowserhelper:androidbrowserhelper:2.4.0] AndroidManifest.xml:26:5-34:15
37        <intent>
37-->[com.google.androidbrowserhelper:androidbrowserhelper:2.4.0] AndroidManifest.xml:27:9-33:18
38            <action android:name="android.intent.action.VIEW" />
38-->src/main/AndroidManifest.xml:133:17-68
38-->src/main/AndroidManifest.xml:133:25-66
39
40            <category android:name="android.intent.category.BROWSABLE" />
40-->src/main/AndroidManifest.xml:135:17-77
40-->src/main/AndroidManifest.xml:135:27-75
41
42            <data android:scheme="https" />
42-->src/main/AndroidManifest.xml:136:17-137:54
42-->src/main/AndroidManifest.xml:136:23-45
43        </intent>
44    </queries>
45
46    <application
46-->src/main/AndroidManifest.xml:35:5-183:19
47        android:name="org.mandla.results.twa.Application"
47-->src/main/AndroidManifest.xml:36:9-35
48        android:allowBackup="true"
48-->src/main/AndroidManifest.xml:37:9-35
49        android:appComponentFactory="androidx.core.app.CoreComponentFactory"
49-->[androidx.core:core:1.1.0] AndroidManifest.xml:24:18-86
50        android:icon="@mipmap/ic_launcher"
50-->src/main/AndroidManifest.xml:38:9-43
51        android:label="@string/appName"
51-->src/main/AndroidManifest.xml:39:9-40
52        android:manageSpaceActivity="com.google.androidbrowserhelper.trusted.ManageDataLauncherActivity"
52-->src/main/AndroidManifest.xml:41:9-105
53        android:supportsRtl="true"
53-->src/main/AndroidManifest.xml:43:9-35
54        android:theme="@android:style/Theme.Translucent.NoTitleBar" >
54-->src/main/AndroidManifest.xml:44:9-68
55        <meta-data
55-->src/main/AndroidManifest.xml:46:9-48:58
56            android:name="asset_statements"
56-->src/main/AndroidManifest.xml:47:13-44
57            android:resource="@string/assetStatements" />
57-->src/main/AndroidManifest.xml:48:13-55
58        <meta-data
58-->src/main/AndroidManifest.xml:51:13-53:58
59            android:name="web_manifest_url"
59-->src/main/AndroidManifest.xml:52:17-48
60            android:value="@string/webManifestUrl" />
60-->src/main/AndroidManifest.xml:53:17-55
61        <meta-data
61-->src/main/AndroidManifest.xml:56:9-58:52
62            android:name="twa_generator"
62-->src/main/AndroidManifest.xml:57:13-41
63            android:value="@string/generatorApp" />
63-->src/main/AndroidManifest.xml:58:13-49
64
65        <activity android:name="com.google.androidbrowserhelper.trusted.ManageDataLauncherActivity" >
65-->src/main/AndroidManifest.xml:65:13-69:24
65-->src/main/AndroidManifest.xml:65:23-104
66            <meta-data
66-->src/main/AndroidManifest.xml:66:13-68:53
67                android:name="android.support.customtabs.trusted.MANAGE_SPACE_URL"
67-->src/main/AndroidManifest.xml:67:17-83
68                android:value="@string/launchUrl" />
68-->src/main/AndroidManifest.xml:68:17-50
69        </activity>
70        <activity
70-->src/main/AndroidManifest.xml:72:9-141:20
71            android:name="org.mandla.results.twa.LauncherActivity"
71-->src/main/AndroidManifest.xml:72:19-50
72            android:alwaysRetainTaskState="true"
72-->src/main/AndroidManifest.xml:73:13-49
73            android:exported="true"
73-->src/main/AndroidManifest.xml:75:13-36
74            android:label="@string/launcherName" >
74-->src/main/AndroidManifest.xml:74:13-49
75            <meta-data
75-->src/main/AndroidManifest.xml:76:13-77:53
76                android:name="android.support.customtabs.trusted.DEFAULT_URL"
76-->src/main/AndroidManifest.xml:76:24-85
77                android:value="@string/launchUrl" />
77-->src/main/AndroidManifest.xml:77:17-50
78            <meta-data
78-->src/main/AndroidManifest.xml:79:13-81:58
79                android:name="android.support.customtabs.trusted.STATUS_BAR_COLOR"
79-->src/main/AndroidManifest.xml:80:17-83
80                android:resource="@color/colorPrimary" />
80-->src/main/AndroidManifest.xml:81:17-55
81            <meta-data
81-->src/main/AndroidManifest.xml:83:13-85:61
82                android:name="android.support.customtabs.trusted.NAVIGATION_BAR_COLOR"
82-->src/main/AndroidManifest.xml:84:17-87
83                android:resource="@color/navigationColor" />
83-->src/main/AndroidManifest.xml:85:17-58
84            <meta-data
84-->src/main/AndroidManifest.xml:87:13-89:65
85                android:name="android.support.customtabs.trusted.NAVIGATION_BAR_COLOR_DARK"
85-->src/main/AndroidManifest.xml:88:17-92
86                android:resource="@color/navigationColorDark" />
86-->src/main/AndroidManifest.xml:89:17-62
87            <meta-data
87-->src/main/AndroidManifest.xml:91:13-93:68
88                android:name="androix.browser.trusted.NAVIGATION_BAR_DIVIDER_COLOR"
88-->src/main/AndroidManifest.xml:92:17-84
89                android:resource="@color/navigationDividerColor" />
89-->src/main/AndroidManifest.xml:93:17-65
90            <meta-data
90-->src/main/AndroidManifest.xml:95:13-97:72
91                android:name="androix.browser.trusted.NAVIGATION_BAR_DIVIDER_COLOR_DARK"
91-->src/main/AndroidManifest.xml:96:17-89
92                android:resource="@color/navigationDividerColorDark" />
92-->src/main/AndroidManifest.xml:97:17-69
93            <meta-data
93-->src/main/AndroidManifest.xml:99:13-100:54
94                android:name="android.support.customtabs.trusted.SPLASH_IMAGE_DRAWABLE"
94-->src/main/AndroidManifest.xml:99:24-95
95                android:resource="@drawable/splash" />
95-->src/main/AndroidManifest.xml:100:17-52
96            <meta-data
96-->src/main/AndroidManifest.xml:102:13-103:60
97                android:name="android.support.customtabs.trusted.SPLASH_SCREEN_BACKGROUND_COLOR"
97-->src/main/AndroidManifest.xml:102:24-104
98                android:resource="@color/backgroundColor" />
98-->src/main/AndroidManifest.xml:103:17-58
99            <meta-data
99-->src/main/AndroidManifest.xml:105:13-106:71
100                android:name="android.support.customtabs.trusted.SPLASH_SCREEN_FADE_OUT_DURATION"
100-->src/main/AndroidManifest.xml:105:24-105
101                android:value="@integer/splashScreenFadeOutDuration" />
101-->src/main/AndroidManifest.xml:106:17-69
102            <meta-data
102-->src/main/AndroidManifest.xml:108:13-109:60
103                android:name="android.support.customtabs.trusted.FILE_PROVIDER_AUTHORITY"
103-->src/main/AndroidManifest.xml:108:24-97
104                android:value="@string/providerAuthority" />
104-->src/main/AndroidManifest.xml:109:17-58
105            <meta-data
105-->src/main/AndroidManifest.xml:111:13-97
106                android:name="android.app.shortcuts"
106-->src/main/AndroidManifest.xml:111:24-60
107                android:resource="@xml/shortcuts" />
107-->src/main/AndroidManifest.xml:111:61-94
108            <meta-data
108-->src/main/AndroidManifest.xml:113:13-114:56
109                android:name="android.support.customtabs.trusted.FALLBACK_STRATEGY"
109-->src/main/AndroidManifest.xml:113:24-91
110                android:value="@string/fallbackType" />
110-->src/main/AndroidManifest.xml:114:17-53
111            <meta-data
111-->src/main/AndroidManifest.xml:120:13-121:54
112                android:name="android.support.customtabs.trusted.SCREEN_ORIENTATION"
112-->src/main/AndroidManifest.xml:120:24-92
113                android:value="@string/orientation" />
113-->src/main/AndroidManifest.xml:121:17-52
114
115            <intent-filter>
115-->src/main/AndroidManifest.xml:127:13-130:29
116                <action android:name="android.intent.action.MAIN" />
116-->src/main/AndroidManifest.xml:128:17-69
116-->src/main/AndroidManifest.xml:128:25-66
117
118                <category android:name="android.intent.category.LAUNCHER" />
118-->src/main/AndroidManifest.xml:129:17-77
118-->src/main/AndroidManifest.xml:129:27-74
119            </intent-filter>
120            <intent-filter android:autoVerify="true" >
120-->src/main/AndroidManifest.xml:132:13-138:29
120-->src/main/AndroidManifest.xml:132:28-53
121                <action android:name="android.intent.action.VIEW" />
121-->src/main/AndroidManifest.xml:133:17-68
121-->src/main/AndroidManifest.xml:133:25-66
122
123                <category android:name="android.intent.category.DEFAULT" />
123-->src/main/AndroidManifest.xml:134:17-76
123-->src/main/AndroidManifest.xml:134:27-73
124                <category android:name="android.intent.category.BROWSABLE" />
124-->src/main/AndroidManifest.xml:135:17-77
124-->src/main/AndroidManifest.xml:135:27-75
125
126                <data
126-->src/main/AndroidManifest.xml:136:17-137:54
127                    android:host="@string/hostName"
127-->src/main/AndroidManifest.xml:137:21-52
128                    android:scheme="https" />
128-->src/main/AndroidManifest.xml:136:23-45
129            </intent-filter>
130        </activity>
131        <activity android:name="com.google.androidbrowserhelper.trusted.FocusActivity" />
131-->src/main/AndroidManifest.xml:143:9-90
131-->src/main/AndroidManifest.xml:143:19-87
132        <activity
132-->src/main/AndroidManifest.xml:145:9-146:62
133            android:name="com.google.androidbrowserhelper.trusted.WebViewFallbackActivity"
133-->src/main/AndroidManifest.xml:145:19-97
134            android:configChanges="orientation|screenSize" />
134-->src/main/AndroidManifest.xml:146:13-59
135
136        <provider
136-->src/main/AndroidManifest.xml:148:9-156:20
137            android:name="androidx.core.content.FileProvider"
137-->src/main/AndroidManifest.xml:149:13-62
138            android:authorities="@string/providerAuthority"
138-->src/main/AndroidManifest.xml:150:13-60
139            android:exported="false"
139-->src/main/AndroidManifest.xml:152:13-37
140            android:grantUriPermissions="true" >
140-->src/main/AndroidManifest.xml:151:13-47
141            <meta-data
141-->src/main/AndroidManifest.xml:153:13-155:53
142                android:name="android.support.FILE_PROVIDER_PATHS"
142-->src/main/AndroidManifest.xml:154:17-67
143                android:resource="@xml/filepaths" />
143-->src/main/AndroidManifest.xml:155:17-50
144        </provider>
145
146        <service
146-->src/main/AndroidManifest.xml:158:9-173:19
147            android:name="org.mandla.results.twa.DelegationService"
147-->src/main/AndroidManifest.xml:159:13-46
148            android:enabled="@bool/enableNotification"
148-->src/main/AndroidManifest.xml:160:13-55
149            android:exported="@bool/enableNotification" >
149-->src/main/AndroidManifest.xml:161:13-56
150            <meta-data
150-->src/main/AndroidManifest.xml:164:17-166:73
151                android:name="android.support.customtabs.trusted.SMALL_ICON"
151-->src/main/AndroidManifest.xml:165:21-81
152                android:resource="@drawable/ic_notification_icon" />
152-->src/main/AndroidManifest.xml:166:21-70
153
154            <intent-filter>
154-->src/main/AndroidManifest.xml:169:13-172:29
155                <action android:name="android.support.customtabs.trusted.TRUSTED_WEB_ACTIVITY_SERVICE" />
155-->src/main/AndroidManifest.xml:170:17-105
155-->src/main/AndroidManifest.xml:170:25-103
156
157                <category android:name="android.intent.category.DEFAULT" />
157-->src/main/AndroidManifest.xml:134:17-76
157-->src/main/AndroidManifest.xml:134:27-73
158            </intent-filter>
159        </service>
160
161        <activity android:name="com.google.androidbrowserhelper.trusted.NotificationPermissionRequestActivity" />
161-->src/main/AndroidManifest.xml:176:13-118
161-->src/main/AndroidManifest.xml:176:23-115
162        <activity android:name="com.google.androidbrowserhelper.locationdelegation.PermissionRequestActivity" />
162-->src/main/AndroidManifest.xml:180:13-181:89
162-->src/main/AndroidManifest.xml:180:23-123
163        <activity
163-->[com.google.android.gms:play-services-base:17.0.0] AndroidManifest.xml:23:9-26:75
164            android:name="com.google.android.gms.common.api.GoogleApiActivity"
164-->[com.google.android.gms:play-services-base:17.0.0] AndroidManifest.xml:24:13-79
165            android:exported="false"
165-->[com.google.android.gms:play-services-base:17.0.0] AndroidManifest.xml:25:13-37
166            android:theme="@android:style/Theme.Translucent.NoTitleBar" />
166-->[com.google.android.gms:play-services-base:17.0.0] AndroidManifest.xml:26:13-72
167
168        <meta-data
168-->[com.google.android.gms:play-services-basement:17.0.0] AndroidManifest.xml:23:9-25:69
169            android:name="com.google.android.gms.version"
169-->[com.google.android.gms:play-services-basement:17.0.0] AndroidManifest.xml:24:13-58
170            android:value="@integer/google_play_services_version" />
170-->[com.google.android.gms:play-services-basement:17.0.0] AndroidManifest.xml:25:13-66
171    </application>
172
173</manifest>